<?xml version="1.0" encoding="UTF-8"?>
<!-- Generated by org.testng.reporters.JUnitReportReporter -->
<testsuite skipped="0" hostname="DESKTOP-NAEHOQI" name="com.qa.controller.IngredientsControllerUnitTest" tests="5" failures="0" timestamp="20 May 2020 14:10:15 GMT" time="1.110" errors="0">
  <testcase name="deleteIngredientsTestFalse" time="0.222" classname="com.qa.controller.IngredientsControllerUnitTest"/>
  <testcase name="createIngredientsTest" time="0.222" classname="com.qa.controller.IngredientsControllerUnitTest"/>
  <testcase name="getAllIngredientsTest" time="0.222" classname="com.qa.controller.IngredientsControllerUnitTest"/>
  <testcase name="deleteIngredientsTestTrue" time="0.222" classname="com.qa.controller.IngredientsControllerUnitTest"/>
  <testcase name="getIngredientsByIDTest" time="0.222" classname="com.qa.controller.IngredientsControllerUnitTest"/>
</testsuite> <!-- com.qa.controller.IngredientsControllerUnitTest -->
