<?xml version="1.0" encoding="UTF-8"?>
<!-- Generated by org.testng.reporters.JUnitReportReporter -->
<testsuite skipped="0" hostname="DESKTOP-NAEHOQI" name="com.qa.controller.RecipesControllerIntegrationTest" tests="4" failures="0" timestamp="20 May 2020 14:10:15 GMT" time="3.042" errors="0">
  <testcase name="getAllRecipesTest" time="0.638" classname="com.qa.controller.RecipesControllerIntegrationTest"/>
  <testcase name="deleteRecipesTest" time="1.144" classname="com.qa.controller.RecipesControllerIntegrationTest"/>
  <testcase name="getRecipesByID" time="0.828" classname="com.qa.controller.RecipesControllerIntegrationTest"/>
  <testcase name="createRecipesTest" time="0.432" classname="com.qa.controller.RecipesControllerIntegrationTest"/>
</testsuite> <!-- com.qa.controller.RecipesControllerIntegrationTest -->
