<?xml version="1.0" encoding="UTF-8"?>
<!-- Generated by org.testng.reporters.JUnitReportReporter -->
<testsuite skipped="0" hostname="DESKTOP-NAEHOQI" name="com.qa.services.IngredientsServicesIntegrationTest" tests="4" failures="0" timestamp="20 May 2020 14:10:15 GMT" time="11.757" errors="0">
  <testcase name="readIngredientsTest" time="3.205" classname="com.qa.services.IngredientsServicesIntegrationTest"/>
  <testcase name="createIngredientsTest" time="2.843" classname="com.qa.services.IngredientsServicesIntegrationTest"/>
  <testcase name="findIngredientsByIdTest" time="3.005" classname="com.qa.services.IngredientsServicesIntegrationTest"/>
  <testcase name="deleteIngredientsTest" time="2.704" classname="com.qa.services.IngredientsServicesIntegrationTest"/>
</testsuite> <!-- com.qa.services.IngredientsServicesIntegrationTest -->
