<?xml version="1.0" encoding="UTF-8"?>
<!-- Generated by org.testng.reporters.JUnitReportReporter -->
<testsuite skipped="0" hostname="DESKTOP-NAEHOQI" name="com.qa.services.IngredientsServicesUnitTest" tests="5" failures="0" timestamp="20 May 2020 14:10:15 GMT" time="1.194" errors="0">
  <testcase name="findNoteById" time="0.248" classname="com.qa.services.IngredientsServicesUnitTest"/>
  <testcase name="createIngredientsTest" time="0.233" classname="com.qa.services.IngredientsServicesUnitTest"/>
  <testcase name="getAllIngredientsTest" time="0.233" classname="com.qa.services.IngredientsServicesUnitTest"/>
  <testcase name="deleteIngredientsByExistingId" time="0.232" classname="com.qa.services.IngredientsServicesUnitTest"/>
  <testcase name="deleteIngredientsByNonExistingId" time="0.248" classname="com.qa.services.IngredientsServicesUnitTest"/>
</testsuite> <!-- com.qa.services.IngredientsServicesUnitTest -->
