<?xml version="1.0" encoding="UTF-8"?>
<!-- Generated by org.testng.reporters.JUnitReportReporter -->
<testsuite skipped="0" hostname="DESKTOP-NAEHOQI" name="com.qa.domain.IngredientsUnitTest" tests="11" failures="0" timestamp="20 May 2020 14:10:15 GMT" time="0.000" errors="0">
  <testcase name="equalsWithDifferentObject" time="0.000" classname="com.qa.domain.IngredientsUnitTest"/>
  <testcase name="checkEqualityBetweenDifferentObjects" time="0.000" classname="com.qa.domain.IngredientsUnitTest"/>
  <testcase name="otherIngredientsTypeDifferent" time="0.000" classname="com.qa.domain.IngredientsUnitTest"/>
  <testcase name="hashCodeTest" time="0.000" classname="com.qa.domain.IngredientsUnitTest"/>
  <testcase name="equalsWithNull" time="0.000" classname="com.qa.domain.IngredientsUnitTest"/>
  <testcase name="checkEquality" time="0.000" classname="com.qa.domain.IngredientsUnitTest"/>
  <testcase name="constructorWithoutId" time="0.000" classname="com.qa.domain.IngredientsUnitTest"/>
  <testcase name="createIngredientWithId" time="0.000" classname="com.qa.domain.IngredientsUnitTest"/>
  <testcase name="otherIngredientsIdDifferent" time="0.000" classname="com.qa.domain.IngredientsUnitTest"/>
  <testcase name="settersTest" time="0.000" classname="com.qa.domain.IngredientsUnitTest"/>
  <testcase name="ingredientsNamesNotEqual" time="0.000" classname="com.qa.domain.IngredientsUnitTest"/>
</testsuite> <!-- com.qa.domain.IngredientsUnitTest -->
