<?xml version="1.0" encoding="UTF-8"?>
<!-- Generated by org.testng.reporters.JUnitReportReporter -->
<testsuite skipped="0" hostname="DESKTOP-NAEHOQI" name="com.qa.controller.IngredientsControllerIntegrationTest" tests="4" failures="0" timestamp="20 May 2020 14:10:15 GMT" time="18.585" errors="0">
  <testcase name="getIngredientsByID" time="4.187" classname="com.qa.controller.IngredientsControllerIntegrationTest"/>
  <testcase name="deleteIngredientsTest" time="4.527" classname="com.qa.controller.IngredientsControllerIntegrationTest"/>
  <testcase name="getAllIngredientsTest" time="5.043" classname="com.qa.controller.IngredientsControllerIntegrationTest"/>
  <testcase name="createIngredientsTest" time="4.828" classname="com.qa.controller.IngredientsControllerIntegrationTest"/>
</testsuite> <!-- com.qa.controller.IngredientsControllerIntegrationTest -->
