<?xml version="1.0" encoding="UTF-8"?>
<!-- Generated by org.testng.reporters.JUnitReportReporter -->
<testsuite skipped="0" hostname="DESKTOP-NAEHOQI" name="com.qa.dto.RecipesDTOUnitTest" tests="6" failures="0" timestamp="20 May 2020 14:10:15 GMT" time="0.000" errors="0">
  <testcase name="checkEquality" time="0.000" classname="com.qa.dto.RecipesDTOUnitTest"/>
  <testcase name="constructorWithoutId" time="0.000" classname="com.qa.dto.RecipesDTOUnitTest"/>
  <testcase name="createRecipeWithId" time="0.000" classname="com.qa.dto.RecipesDTOUnitTest"/>
  <testcase name="equalsWithDifferentObject" time="0.000" classname="com.qa.dto.RecipesDTOUnitTest"/>
  <testcase name="equalsWithNull" time="0.000" classname="com.qa.dto.RecipesDTOUnitTest"/>
  <testcase name="settersTest" time="0.000" classname="com.qa.dto.RecipesDTOUnitTest"/>
</testsuite> <!-- com.qa.dto.RecipesDTOUnitTest -->
