<?xml version="1.0" encoding="UTF-8"?>
<!-- Generated by org.testng.reporters.JUnitReportReporter -->
<testsuite skipped="0" hostname="DESKTOP-NAEHOQI" name="com.qa.controller.RecipesControllerUnitTest" tests="5" failures="0" timestamp="20 May 2020 14:10:15 GMT" time="0.270" errors="0">
  <testcase name="deleteIngredientsTestTrue" time="0.054" classname="com.qa.controller.RecipesControllerUnitTest"/>
  <testcase name="deleteIngredientsTestFalse" time="0.054" classname="com.qa.controller.RecipesControllerUnitTest"/>
  <testcase name="getIngredientsByIDTest" time="0.054" classname="com.qa.controller.RecipesControllerUnitTest"/>
  <testcase name="createRecipesTest" time="0.054" classname="com.qa.controller.RecipesControllerUnitTest"/>
  <testcase name="getAllRecipesTest" time="0.054" classname="com.qa.controller.RecipesControllerUnitTest"/>
</testsuite> <!-- com.qa.controller.RecipesControllerUnitTest -->
