<?xml version="1.0" encoding="UTF-8"?>
<!-- Generated by org.testng.reporters.JUnitReportReporter -->
<testsuite skipped="0" hostname="DESKTOP-NAEHOQI" name="com.qa.domain.RecipesUnitTest" tests="9" failures="0" timestamp="20 May 2020 14:10:15 GMT" time="0.000" errors="0">
  <testcase name="checkEquality" time="0.000" classname="com.qa.domain.RecipesUnitTest"/>
  <testcase name="createRecipeWithId" time="0.000" classname="com.qa.domain.RecipesUnitTest"/>
  <testcase name="equalsWithNull" time="0.000" classname="com.qa.domain.RecipesUnitTest"/>
  <testcase name="nullServing" time="0.000" classname="com.qa.domain.RecipesUnitTest"/>
  <testcase name="equalsWithDifferentObject" time="0.000" classname="com.qa.domain.RecipesUnitTest"/>
  <testcase name="recipeNamesNotEqual" time="0.000" classname="com.qa.domain.RecipesUnitTest"/>
  <testcase name="constructorWithoutId" time="0.000" classname="com.qa.domain.RecipesUnitTest"/>
  <testcase name="otherIdDifferent" time="0.000" classname="com.qa.domain.RecipesUnitTest"/>
  <testcase name="settersTest" time="0.000" classname="com.qa.domain.RecipesUnitTest"/>
</testsuite> <!-- com.qa.domain.RecipesUnitTest -->
