<?xml version="1.0" encoding="UTF-8"?>
<!-- Generated by org.testng.reporters.JUnitReportReporter -->
<testsuite skipped="0" hostname="DESKTOP-NAEHOQI" name="com.qa.services.RecipesServicesUnitTest" tests="5" failures="0" timestamp="20 May 2020 14:10:15 GMT" time="0.310" errors="0">
  <testcase name="findRecipeById" time="0.053" classname="com.qa.services.RecipesServicesUnitTest"/>
  <testcase name="deleteRecipesByExistingId" time="0.068" classname="com.qa.services.RecipesServicesUnitTest"/>
  <testcase name="deleteIngredientsByNonExistingId" time="0.068" classname="com.qa.services.RecipesServicesUnitTest"/>
  <testcase name="createRecipesTest" time="0.053" classname="com.qa.services.RecipesServicesUnitTest"/>
  <testcase name="getAllRecipesTest" time="0.068" classname="com.qa.services.RecipesServicesUnitTest"/>
</testsuite> <!-- com.qa.services.RecipesServicesUnitTest -->
